Ignoring exception in command None:
discord.ext.commands.errors.CommandNotFound: Command "uptime" is not found
Ignoring exception in command None:
discord.ext.commands.errors.CommandNotFound: Command "yeeehawww" is not found
Ignoring exception in command None:
discord.ext.commands.errors.CommandNotFound: Command "dump" is not found
Ignoring exception in command None:
discord.ext.commands.errors.CommandNotFound: Command "dump" is not found
Ignoring exception in command None:
discord.ext.commands.errors.CommandNotFound: Command "watch" is not found
Ignoring exception in command None:
discord.ext.commands.errors.CommandNotFound: Command "watch" is not found
Ignoring exception in command None:
discord.ext.commands.errors.CommandNotFound: Command "dump" is not found
Ignoring exception in command None:
discord.ext.commands.errors.CommandNotFound: Command "dump" is not found
Ignoring exception in command None:
discord.ext.commands.errors.CommandNotFound: Command "dump" is not found
Ignoring exception in command None:
discord.ext.commands.errors.CommandNotFound: Command "dump" is not found
Ignoring exception in command None:
discord.ext.commands.errors.CommandNotFound: Command "dump" is not found
Ignoring exception in command None:
discord.ext.commands.errors.CommandNotFound: Command "dump" is not found
Ignoring exception in command None:
discord.ext.commands.errors.CommandNotFound: Command "dump" is not found
Ignoring exception in command None:
discord.ext.commands.errors.CommandNotFound: Command "dump" is not found
Ignoring exception in command None:
discord.ext.commands.errors.CommandNotFound: Command "dump" is not found
Ignoring exception in command None:
discord.ext.commands.errors.CommandNotFound: Command "dump" is not found
Ignoring exception in command None:
discord.ext.commands.errors.CommandNotFound: Command "watch" is not found
Ignoring exception in command None:
discord.ext.commands.errors.CommandNotFound: Command "watch" is not found
Ignoring exception in command None:
discord.ext.commands.errors.CommandNotFound: Command "rc" is not found
Ignoring exception in command None:
discord.ext.commands.errors.CommandNotFound: Command "dump" is not found
Ignoring exception in command None:
discord.ext.commands.errors.CommandNotFound: Command "dump" is not found
Ignoring exception in command None:
discord.ext.commands.errors.CommandNotFound: Command "dump" is not found
Ignoring exception in command None:
discord.ext.commands.errors.CommandNotFound: Command "dump" is not found
Ignoring exception in command None:
discord.ext.commands.errors.CommandNotFound: Command "dump" is not found
Ignoring exception in command None:
discord.ext.commands.errors.CommandNotFound: Command "dump" is not found
Ignoring exception in command None:
discord.ext.commands.errors.CommandNotFound: Command "dump" is not found
Ignoring exception in command None:
discord.ext.commands.errors.CommandNotFound: Command "dump" is not found
Ignoring exception in command None:
discord.ext.commands.errors.CommandNotFound: Command "dump" is not found
Ignoring exception in command None:
discord.ext.commands.errors.CommandNotFound: Command "dump" is not found
Ignoring exception in command None:
discord.ext.commands.errors.CommandNotFound: Command "watch" is not found
Ignoring exception in command None:
discord.ext.commands.errors.CommandNotFound: Command "dump" is not found
Ignoring exception in command None:
discord.ext.commands.errors.CommandNotFound: Command "dump" is not found
Ignoring exception in command None:
discord.ext.commands.errors.CommandNotFound: Command "dump" is not found
Ignoring exception in command None:
discord.ext.commands.errors.CommandNotFound: Command "dump" is not found
Ignoring exception in command None:
discord.ext.commands.errors.CommandNotFound: Command "dump" is not found
Ignoring exception in command None:
discord.ext.commands.errors.CommandNotFound: Command "watch" is not found
Ignoring exception in command None:
discord.ext.commands.errors.CommandNotFound: Command "dump" is not found
Ignoring exception in command None:
discord.ext.commands.errors.CommandNotFound: Command "dump" is not found
Ignoring exception in command None:
discord.ext.commands.errors.CommandNotFound: Command "dump" is not found
Ignoring exception in command None:
discord.ext.commands.errors.CommandNotFound: Command "rc" is not found
Ignoring exception in command None:
discord.ext.commands.errors.CommandNotFound: Command "dump" is not found
Ignoring exception in command None:
discord.ext.commands.errors.CommandNotFound: Command "dump" is not found
Ignoring exception in command None:
discord.ext.commands.errors.CommandNotFound: Command "dump" is not found
Ignoring exception in command None:
discord.ext.commands.errors.CommandNotFound: Command "dump" is not found
Ignoring exception in command None:
discord.ext.commands.errors.CommandNotFound: Command "watch" is not found
Ignoring exception in command None:
discord.ext.commands.errors.CommandNotFound: Command "dump" is not found
Ignoring exception in command None:
discord.ext.commands.errors.CommandNotFound: Command "rc" is not found
Ignoring exception in command None:
discord.ext.commands.errors.CommandNotFound: Command "watch" is not found
Ignoring exception in command None:
discord.ext.commands.errors.CommandNotFound: Command "dump" is not found
Ignoring exception in command None:
discord.ext.commands.errors.CommandNotFound: Command "watch" is not found
Ignoring exception in command None:
discord.ext.commands.errors.CommandNotFound: Command "dump" is not found
Ignoring exception in command None:
discord.ext.commands.errors.CommandNotFound: Command "dump" is not found
Ignoring exception in command None:
discord.ext.commands.errors.CommandNotFound: Command "dump" is not found
Ignoring exception in command None:
discord.ext.commands.errors.CommandNotFound: Command "dump" is not found
Ignoring exception in command None:
discord.ext.commands.errors.CommandNotFound: Command "dump" is not found
Ignoring exception in command None:
discord.ext.commands.errors.CommandNotFound: Command "dump" is not found
Ignoring exception in command None:
discord.ext.commands.errors.CommandNotFound: Command "dump" is not found
Ignoring exception in command None:
discord.ext.commands.errors.CommandNotFound: Command "dump" is not found
Ignoring exception in command None:
discord.ext.commands.errors.CommandNotFound: Command "dump" is not found
Ignoring exception in command None:
discord.ext.commands.errors.CommandNotFound: Command "dump" is not found
Ignoring exception in command None:
discord.ext.commands.errors.CommandNotFound: Command "dump" is not found
Ignoring exception in command None:
discord.ext.commands.errors.CommandNotFound: Command "rc" is not found
Ignoring exception in command None:
discord.ext.commands.errors.CommandNotFound: Command "dump" is not found
Ignoring exception in command None:
discord.ext.commands.errors.CommandNotFound: Command "dump" is not found
Ignoring exception in command None:
discord.ext.commands.errors.CommandNotFound: Command "dump" is not found
Ignoring exception in command None:
discord.ext.commands.errors.CommandNotFound: Command "dump" is not found
Ignoring exception in command None:
discord.ext.commands.errors.CommandNotFound: Command "dump" is not found
Ignoring exception in command None:
discord.ext.commands.errors.CommandNotFound: Command "watch" is not found
Ignoring exception in command None:
discord.ext.commands.errors.CommandNotFound: Command "dump" is not found
Ignoring exception in command None:
discord.ext.commands.errors.CommandNotFound: Command "rc" is not found
Ignoring exception in command None:
discord.ext.commands.errors.CommandNotFound: Command "rc" is not found
Ignoring exception in command None:
discord.ext.commands.errors.CommandNotFound: Command "dump" is not found
Ignoring exception in command None:
discord.ext.commands.errors.CommandNotFound: Command "dump" is not found
Ignoring exception in command None:
discord.ext.commands.errors.CommandNotFound: Command "dump" is not found
Ignoring exception in command None:
discord.ext.commands.errors.CommandNotFound: Command "watch" is not found
Ignoring exception in command None:
discord.ext.commands.errors.CommandNotFound: Command "watch" is not found
Ignoring exception in command None:
discord.ext.commands.errors.CommandNotFound: Command "watch" is not found
Ignoring exception in command None:
discord.ext.commands.errors.CommandNotFound: Command "~D" is not found
Ignoring exception in command None:
discord.ext.commands.errors.CommandNotFound: Command "dump" is not found
Ignoring exception in command None:
discord.ext.commands.errors.CommandNotFound: Command "dump" is not found
Ignoring exception in command None:
discord.ext.commands.errors.CommandNotFound: Command "watch" is not found
Ignoring exception in command None:
discord.ext.commands.errors.CommandNotFound: Command "dump" is not found
Ignoring exception in command None:
discord.ext.commands.errors.CommandNotFound: Command "watch" is not found
Ignoring exception in command None:
discord.ext.commands.errors.CommandNotFound: Command "dump" is not found
Ignoring exception in command None:
discord.ext.commands.errors.CommandNotFound: Command "watch" is not found
Ignoring exception in command None:
discord.ext.commands.errors.CommandNotFound: Command "dump" is not found
Ignoring exception in command None:
discord.ext.commands.errors.CommandNotFound: Command "dump" is not found
Ignoring exception in command None:
discord.ext.commands.errors.CommandNotFound: Command "watch" is not found
Ignoring exception in command None:
discord.ext.commands.errors.CommandNotFound: Command "dump" is not found
Ignoring exception in command None:
discord.ext.commands.errors.CommandNotFound: Command "rc" is not found
Ignoring exception in command None:
discord.ext.commands.errors.CommandNotFound: Command "dump" is not found
Ignoring exception in command None:
discord.ext.commands.errors.CommandNotFound: Command "dump" is not found
Ignoring exception in command None:
discord.ext.commands.errors.CommandNotFound: Command "dump" is not found
Ignoring exception in command None:
discord.ext.commands.errors.CommandNotFound: Command "dump" is not found
Ignoring exception in command None:
discord.ext.commands.errors.CommandNotFound: Command "dump" is not found
Ignoring exception in command None:
discord.ext.commands.errors.CommandNotFound: Command "dump" is not found
Ignoring exception in command None:
discord.ext.commands.errors.CommandNotFound: Command "watch" is not found
Ignoring exception in command None:
discord.ext.commands.errors.CommandNotFound: Command "dump" is not found
Ignoring exception in command None:
discord.ext.commands.errors.CommandNotFound: Command "dump" is not found
Ignoring exception in command None:
discord.ext.commands.errors.CommandNotFound: Command "dump" is not found
Ignoring exception in command None:
discord.ext.commands.errors.CommandNotFound: Command "dump" is not found
Ignoring exception in command None:
discord.ext.commands.errors.CommandNotFound: Command "rc" is not found
Ignoring exception in command None:
discord.ext.commands.errors.CommandNotFound: Command "watch" is not found
Ignoring exception in command None:
discord.ext.commands.errors.CommandNotFound: Command "dump" is not found
Ignoring exception in command None:
discord.ext.commands.errors.CommandNotFound: Command "dump" is not found
Ignoring exception in command None:
discord.ext.commands.errors.CommandNotFound: Command "dump" is not found
Ignoring exception in command None:
discord.ext.commands.errors.CommandNotFound: Command "dump" is not found
Ignoring exception in command None:
discord.ext.commands.errors.CommandNotFound: Command "dump" is not found
Ignoring exception in command None:
discord.ext.commands.errors.CommandNotFound: Command "dump" is not found
Ignoring exception in command None:
discord.ext.commands.errors.CommandNotFound: Command "dump" is not found
Ignoring exception in command None:
discord.ext.commands.errors.CommandNotFound: Command "dump" is not found
Ignoring exception in command None:
discord.ext.commands.errors.CommandNotFound: Command "watch" is not found
Ignoring exception in command None:
discord.ext.commands.errors.CommandNotFound: Command "dump" is not found
Ignoring exception in command None:
discord.ext.commands.errors.CommandNotFound: Command "dump" is not found
Ignoring exception in command None:
discord.ext.commands.errors.CommandNotFound: Command "dump" is not found
Ignoring exception in command None:
discord.ext.commands.errors.CommandNotFound: Command "dump" is not found
Ignoring exception in command None:
discord.ext.commands.errors.CommandNotFound: Command "dump" is not found
Ignoring exception in command None:
discord.ext.commands.errors.CommandNotFound: Command "dump" is not found
Ignoring exception in command None:
discord.ext.commands.errors.CommandNotFound: Command "dump" is not found
Ignoring exception in command None:
discord.ext.commands.errors.CommandNotFound: Command "dump" is not found
Ignoring exception in command None:
discord.ext.commands.errors.CommandNotFound: Command "dump" is not found
Ignoring exception in command None:
discord.ext.commands.errors.CommandNotFound: Command "dump" is not found
Ignoring exception in command None:
discord.ext.commands.errors.CommandNotFound: Command "dump" is not found
Ignoring exception in command None:
discord.ext.commands.errors.CommandNotFound: Command "dump" is not found
Ignoring exception in command None:
discord.ext.commands.errors.CommandNotFound: Command "dump" is not found
Ignoring exception in command None:
discord.ext.commands.errors.CommandNotFound: Command "dump" is not found
Ignoring exception in command None:
discord.ext.commands.errors.CommandNotFound: Command "doorpurge" is not found
Ignoring exception in command None:
discord.ext.commands.errors.CommandNotFound: Command "dump" is not found
Ignoring exception in command None:
discord.ext.commands.errors.CommandNotFound: Command "watch" is not found
Ignoring exception in command None:
discord.ext.commands.errors.CommandNotFound: Command "watch" is not found
Ignoring exception in command None:
discord.ext.commands.errors.CommandNotFound: Command "dump" is not found
Ignoring exception in command None:
discord.ext.commands.errors.CommandNotFound: Command "watch" is not found
Ignoring exception in command None:
discord.ext.commands.errors.CommandNotFound: Command "dump" is not found
Ignoring exception in command None:
discord.ext.commands.errors.CommandNotFound: Command "dump" is not found
Ignoring exception in command None:
discord.ext.commands.errors.CommandNotFound: Command "rc" is not found
Ignoring exception in command None:
discord.ext.commands.errors.CommandNotFound: Command "rc" is not found
Ignoring exception in command None:
discord.ext.commands.errors.CommandNotFound: Command "dump" is not found
Ignoring exception in command None:
discord.ext.commands.errors.CommandNotFound: Command "dump" is not found
Ignoring exception in command None:
discord.ext.commands.errors.CommandNotFound: Command "dump" is not found
Ignoring exception in command None:
discord.ext.commands.errors.CommandNotFound: Command "dump" is not found
Ignoring exception in command None:
discord.ext.commands.errors.CommandNotFound: Command "dump" is not found
Ignoring exception in command None:
discord.ext.commands.errors.CommandNotFound: Command "dump" is not found
Ignoring exception in command None:
discord.ext.commands.errors.CommandNotFound: Command "dump" is not found
Ignoring exception in command None:
discord.ext.commands.errors.CommandNotFound: Command "dump" is not found
Ignoring exception in command None:
discord.ext.commands.errors.CommandNotFound: Command "dump" is not found
Ignoring exception in command None:
discord.ext.commands.errors.CommandNotFound: Command "rc" is not found
Ignoring exception in command None:
discord.ext.commands.errors.CommandNotFound: Command "watch" is not found
Ignoring exception in command None:
discord.ext.commands.errors.CommandNotFound: Command "dump" is not found
Ignoring exception in command None:
discord.ext.commands.errors.CommandNotFound: Command "watch" is not found
Ignoring exception in command None:
discord.ext.commands.errors.CommandNotFound: Command "dump" is not found
Ignoring exception in command None:
discord.ext.commands.errors.CommandNotFound: Command "dump" is not found
Ignoring exception in command None:
discord.ext.commands.errors.CommandNotFound: Command "dump" is not found
Ignoring exception in command None:
discord.ext.commands.errors.CommandNotFound: Command "watch" is not found
Ignoring exception in command None:
discord.ext.commands.errors.CommandNotFound: Command "dump" is not found
Ignoring exception in command None:
discord.ext.commands.errors.CommandNotFound: Command "dump" is not found
Ignoring exception in command None:
discord.ext.commands.errors.CommandNotFound: Command "dump" is not found
Ignoring exception in command None:
discord.ext.commands.errors.CommandNotFound: Command "dump" is not found
Ignoring exception in command None:
discord.ext.commands.errors.CommandNotFound: Command "dump" is not found
Ignoring exception in command None:
discord.ext.commands.errors.CommandNotFound: Command "dump" is not found
Ignoring exception in command None:
discord.ext.commands.errors.CommandNotFound: Command "dump" is not found
Ignoring exception in command None:
discord.ext.commands.errors.CommandNotFound: Command "dump" is not found
Ignoring exception in command None:
discord.ext.commands.errors.CommandNotFound: Command "dump" is not found
Ignoring exception in command None:
discord.ext.commands.errors.CommandNotFound: Command "dump" is not found
Ignoring exception in command None:
discord.ext.commands.errors.CommandNotFound: Command "watch" is not found
Ignoring exception in command None:
discord.ext.commands.errors.CommandNotFound: Command "dump" is not found
Ignoring exception in command None:
discord.ext.commands.errors.CommandNotFound: Command "dump" is not found
Ignoring exception in command None:
discord.ext.commands.errors.CommandNotFound: Command "dump" is not found
Ignoring exception in command None:
discord.ext.commands.errors.CommandNotFound: Command "dump" is not found
Ignoring exception in command None:
discord.ext.commands.errors.CommandNotFound: Command "dump" is not found
Ignoring exception in command None:
discord.ext.commands.errors.CommandNotFound: Command "dump" is not found
Ignoring exception in command None:
discord.ext.commands.errors.CommandNotFound: Command "dump" is not found
Ignoring exception in command None:
discord.ext.commands.errors.CommandNotFound: Command "dump" is not found
Ignoring exception in command None:
discord.ext.commands.errors.CommandNotFound: Command "rc" is not found
Ignoring exception in command None:
discord.ext.commands.errors.CommandNotFound: Command "dump" is not found
Ignoring exception in command None:
discord.ext.commands.errors.CommandNotFound: Command "dump" is not found
Ignoring exception in command None:
discord.ext.commands.errors.CommandNotFound: Command "dump" is not found
Ignoring exception in command None:
discord.ext.commands.errors.CommandNotFound: Command "dump" is not found
Ignoring exception in command None:
discord.ext.commands.errors.CommandNotFound: Command "dump" is not found
Ignoring exception in command None:
discord.ext.commands.errors.CommandNotFound: Command "watch" is not found
Ignoring exception in command None:
discord.ext.commands.errors.CommandNotFound: Command "dump" is not found
Ignoring exception in command None:
discord.ext.commands.errors.CommandNotFound: Command "dump" is not found
Ignoring exception in command None:
discord.ext.commands.errors.CommandNotFound: Command "dump" is not found
Ignoring exception in command None:
discord.ext.commands.errors.CommandNotFound: Command "dump" is not found
Ignoring exception in command None:
discord.ext.commands.errors.CommandNotFound: Command "dump" is not found
Ignoring exception in command None:
discord.ext.commands.errors.CommandNotFound: Command "dump" is not found
Ignoring exception in command None:
discord.ext.commands.errors.CommandNotFound: Command "dump" is not found
Ignoring exception in command None:
discord.ext.commands.errors.CommandNotFound: Command "dump" is not found
Ignoring exception in command None:
discord.ext.commands.errors.CommandNotFound: Command "dump" is not found
Ignoring exception in command None:
discord.ext.commands.errors.CommandNotFound: Command "dump" is not found
Ignoring exception in command None:
discord.ext.commands.errors.CommandNotFound: Command "dump" is not found
Ignoring exception in command None:
discord.ext.commands.errors.CommandNotFound: Command "or" is not found
Ignoring exception in command None:
discord.ext.commands.errors.CommandNotFound: Command "dump" is not found
Ignoring exception in command None:
discord.ext.commands.errors.CommandNotFound: Command "dump" is not found
Ignoring exception in command None:
discord.ext.commands.errors.CommandNotFound: Command "dump" is not found
Ignoring exception in command None:
discord.ext.commands.errors.CommandNotFound: Command "watch" is not found
Ignoring exception in command None:
discord.ext.commands.errors.CommandNotFound: Command "watch" is not found
Ignoring exception in command None:
discord.ext.commands.errors.CommandNotFound: Command "watch" is not found
Ignoring exception in command None:
discord.ext.commands.errors.CommandNotFound: Command "dump" is not found
Ignoring exception in command None:
discord.ext.commands.errors.CommandNotFound: Command "watch" is not found
Ignoring exception in command None:
discord.ext.commands.errors.CommandNotFound: Command "watch" is not found
Ignoring exception in command None:
discord.ext.commands.errors.CommandNotFound: Command "watch" is not found
Ignoring exception in command None:
discord.ext.commands.errors.CommandNotFound: Command "watch" is not found
Ignoring exception in command None:
discord.ext.commands.errors.CommandNotFound: Command "dump" is not found
Ignoring exception in command None:
discord.ext.commands.errors.CommandNotFound: Command "dump" is not found
Ignoring exception in command None:
discord.ext.commands.errors.CommandNotFound: Command "dump" is not found
Ignoring exception in command None:
discord.ext.commands.errors.CommandNotFound: Command "watch" is not found
Ignoring exception in command None:
discord.ext.commands.errors.CommandNotFound: Command "watch" is not found
Ignoring exception in command None:
discord.ext.commands.errors.CommandNotFound: Command "dump" is not found
Ignoring exception in command None:
discord.ext.commands.errors.CommandNotFound: Command "dump" is not found
Ignoring exception in command None:
discord.ext.commands.errors.CommandNotFound: Command "dump" is not found
Ignoring exception in command None:
discord.ext.commands.errors.CommandNotFound: Command "dump" is not found
Ignoring exception in command None:
discord.ext.commands.errors.CommandNotFound: Command "dump" is not found
Ignoring exception in command None:
discord.ext.commands.errors.CommandNotFound: Command "watch" is not found
Ignoring exception in command None:
discord.ext.commands.errors.CommandNotFound: Command "dump" is not found
Ignoring exception in command None:
discord.ext.commands.errors.CommandNotFound: Command "dump" is not found
Ignoring exception in command None:
discord.ext.commands.errors.CommandNotFound: Command "dump" is not found
Ignoring exception in command None:
discord.ext.commands.errors.CommandNotFound: Command "dump" is not found
Ignoring exception in command None:
discord.ext.commands.errors.CommandNotFound: Command "watch" is not found
Ignoring exception in command None:
discord.ext.commands.errors.CommandNotFound: Command "dump" is not found
Ignoring exception in command None:
discord.ext.commands.errors.CommandNotFound: Command "dump" is not found
Ignoring exception in command None:
discord.ext.commands.errors.CommandNotFound: Command "watch" is not found
Ignoring exception in command None:
discord.ext.commands.errors.CommandNotFound: Command "dump" is not found
Ignoring exception in command None:
discord.ext.commands.errors.CommandNotFound: Command "rc" is not found
Ignoring exception in command None:
discord.ext.commands.errors.CommandNotFound: Command "dump" is not found
Ignoring exception in command None:
discord.ext.commands.errors.CommandNotFound: Command "dump" is not found
Ignoring exception in command None:
discord.ext.commands.errors.CommandNotFound: Command "dump" is not found
Ignoring exception in command None:
discord.ext.commands.errors.CommandNotFound: Command "versions" is not found
Ignoring exception in command None:
discord.ext.commands.errors.CommandNotFound: Command "dump" is not found
Ignoring exception in command None:
discord.ext.commands.errors.CommandNotFound: Command "watch" is not found
Ignoring exception in command None:
discord.ext.commands.errors.CommandNotFound: Command "dump" is not found
Ignoring exception in command None:
discord.ext.commands.errors.CommandNotFound: Command "rc" is not found
Ignoring exception in command None:
discord.ext.commands.errors.CommandNotFound: Command "dump" is not found
Ignoring exception in command None:
discord.ext.commands.errors.CommandNotFound: Command "rc" is not found
Ignoring exception in command None:
discord.ext.commands.errors.CommandNotFound: Command "dump" is not found
Ignoring exception in command None:
discord.ext.commands.errors.CommandNotFound: Command "watch" is not found
Ignoring exception in command None:
discord.ext.commands.errors.CommandNotFound: Command "watch" is not found
Ignoring exception in command None:
discord.ext.commands.errors.CommandNotFound: Command "watch" is not found
Ignoring exception in command None:
discord.ext.commands.errors.CommandNotFound: Command "dump" is not found
Ignoring exception in command None:
discord.ext.commands.errors.CommandNotFound: Command "dump" is not found
Ignoring exception in command None:
discord.ext.commands.errors.CommandNotFound: Command "watch" is not found
Ignoring exception in command None:
discord.ext.commands.errors.CommandNotFound: Command "watch" is not found
Ignoring exception in command None:
discord.ext.commands.errors.CommandNotFound: Command "dump" is not found
Ignoring exception in command None:
discord.ext.commands.errors.CommandNotFound: Command "rc" is not found
Ignoring exception in command None:
discord.ext.commands.errors.CommandNotFound: Command "watch" is not found
Ignoring exception in command None:
discord.ext.commands.errors.CommandNotFound: Command "dump" is not found
Ignoring exception in command None:
discord.ext.commands.errors.CommandNotFound: Command "dump" is not found
Ignoring exception in command None:
discord.ext.commands.errors.CommandNotFound: Command "dump" is not found
Ignoring exception in command None:
discord.ext.commands.errors.CommandNotFound: Command "watch" is not found
Ignoring exception in command None:
discord.ext.commands.errors.CommandNotFound: Command "rc" is not found
Ignoring exception in command None:
discord.ext.commands.errors.CommandNotFound: Command "watch" is not found
Ignoring exception in command None:
discord.ext.commands.errors.CommandNotFound: Command "stalk" is not found
Ignoring exception in command None:
discord.ext.commands.errors.CommandNotFound: Command "dump" is not found
Ignoring exception in command None:
discord.ext.commands.errors.CommandNotFound: Command "dump" is not found
Ignoring exception in command None:
discord.ext.commands.errors.CommandNotFound: Command "watch" is not found
Ignoring exception in command None:
discord.ext.commands.errors.CommandNotFound: Command "rc" is not found
Ignoring exception in command None:
discord.ext.commands.errors.CommandNotFound: Command "dump" is not found
Ignoring exception in command None:
discord.ext.commands.errors.CommandNotFound: Command "D" is not found
Ignoring exception in command None:
discord.ext.commands.errors.CommandNotFound: Command "dump" is not found
Ignoring exception in command None:
discord.ext.commands.errors.CommandNotFound: Command "dump" is not found
Ignoring exception in command None:
discord.ext.commands.errors.CommandNotFound: Command "dump" is not found
Ignoring exception in command None:
discord.ext.commands.errors.CommandNotFound: Command "watch" is not found
Ignoring exception in command None:
discord.ext.commands.errors.CommandNotFound: Command "watch" is not found
Ignoring exception in command None:
discord.ext.commands.errors.CommandNotFound: Command "watch" is not found
Ignoring exception in command None:
discord.ext.commands.errors.CommandNotFound: Command "dump" is not found
Ignoring exception in command None:
discord.ext.commands.errors.CommandNotFound: Command "dump" is not found
Ignoring exception in command None:
discord.ext.commands.errors.CommandNotFound: Command "rc" is not found
Ignoring exception in command None:
discord.ext.commands.errors.CommandNotFound: Command "dump" is not found
Ignoring exception in command None:
discord.ext.commands.errors.CommandNotFound: Command "dump" is not found
Ignoring exception in command None:
discord.ext.commands.errors.CommandNotFound: Command "watch" is not found
Ignoring exception in command None:
discord.ext.commands.errors.CommandNotFound: Command "watch" is not found
Ignoring exception in command None:
discord.ext.commands.errors.CommandNotFound: Command "watch" is not found
Ignoring exception in command None:
discord.ext.commands.errors.CommandNotFound: Command "watch" is not found
Ignoring exception in command None:
discord.ext.commands.errors.CommandNotFound: Command "watch" is not found
Ignoring exception in command None:
discord.ext.commands.errors.CommandNotFound: Command "rc" is not found
Ignoring exception in command None:
discord.ext.commands.errors.CommandNotFound: Command "rc" is not found
Ignoring exception in command None:
discord.ext.commands.errors.CommandNotFound: Command "rc" is not found
Ignoring exception in command None:
discord.ext.commands.errors.CommandNotFound: Command "dump" is not found
Ignoring exception in command None:
discord.ext.commands.errors.CommandNotFound: Command "rc" is not found
Ignoring exception in command None:
discord.ext.commands.errors.CommandNotFound: Command "dump" is not found
Ignoring exception in command None:
discord.ext.commands.errors.CommandNotFound: Command "dump" is not found
Ignoring exception in command None:
discord.ext.commands.errors.CommandNotFound: Command "dumo" is not found
Ignoring exception in command None:
discord.ext.commands.errors.CommandNotFound: Command "dump" is not found
Ignoring exception in command None:
discord.ext.commands.errors.CommandNotFound: Command "dump" is not found
Ignoring exception in command None:
discord.ext.commands.errors.CommandNotFound: Command "dump" is not found
Ignoring exception in command None:
discord.ext.commands.errors.CommandNotFound: Command "dump" is not found
Ignoring exception in command None:
discord.ext.commands.errors.CommandNotFound: Command "dump" is not found
Ignoring exception in command None:
discord.ext.commands.errors.CommandNotFound: Command "dump" is not found
Ignoring exception in command None:
discord.ext.commands.errors.CommandNotFound: Command "dump" is not found
Ignoring exception in command None:
discord.ext.commands.errors.CommandNotFound: Command "rc" is not found
Ignoring exception in command None:
discord.ext.commands.errors.CommandNotFound: Command "rc" is not found
Ignoring exception in command None:
discord.ext.commands.errors.CommandNotFound: Command "rc" is not found
Ignoring exception in command None:
discord.ext.commands.errors.CommandNotFound: Command "watch" is not found
Ignoring exception in command None:
discord.ext.commands.errors.CommandNotFound: Command "watch" is not found
Ignoring exception in command None:
discord.ext.commands.errors.CommandNotFound: Command "watch" is not found
Ignoring exception in command None:
discord.ext.commands.errors.CommandNotFound: Command "rc" is not found
Ignoring exception in command None:
discord.ext.commands.errors.CommandNotFound: Command "watch" is not found
Ignoring exception in command None:
discord.ext.commands.errors.CommandNotFound: Command "dump" is not found
Ignoring exception in command None:
discord.ext.commands.errors.CommandNotFound: Command "rc" is not found
Ignoring exception in command None:
discord.ext.commands.errors.CommandNotFound: Command "rc" is not found
Ignoring exception in command None:
discord.ext.commands.errors.CommandNotFound: Command "rc" is not found
Ignoring exception in command None:
discord.ext.commands.errors.CommandNotFound: Command "dump" is not found
Ignoring exception in command None:
discord.ext.commands.errors.CommandNotFound: Command "dump" is not found
Ignoring exception in command None:
discord.ext.commands.errors.CommandNotFound: Command "dump" is not found
Ignoring exception in command None:
discord.ext.commands.errors.CommandNotFound: Command "watch" is not found
Ignoring exception in command None:
discord.ext.commands.errors.CommandNotFound: Command "watch" is not found
Ignoring exception in command None:
discord.ext.commands.errors.CommandNotFound: Command "dump" is not found
Ignoring exception in command None:
discord.ext.commands.errors.CommandNotFound: Command "dump" is not found
Ignoring exception in command None:
discord.ext.commands.errors.CommandNotFound: Command "watch" is not found
Ignoring exception in command None:
discord.ext.commands.errors.CommandNotFound: Command "dump" is not found
Ignoring exception in command None:
discord.ext.commands.errors.CommandNotFound: Command "dump" is not found
Ignoring exception in command None:
discord.ext.commands.errors.CommandNotFound: Command "dump" is not found
Ignoring exception in command None:
discord.ext.commands.errors.CommandNotFound: Command "watch" is not found
Ignoring exception in command None:
discord.ext.commands.errors.CommandNotFound: Command "watch" is not found
Ignoring exception in command None:
discord.ext.commands.errors.CommandNotFound: Command "log" is not found
Ignoring exception in command None:
discord.ext.commands.errors.CommandNotFound: Command "log" is not found
Ignoring exception in command None:
discord.ext.commands.errors.CommandNotFound: Command "rc" is not found
Ignoring exception in command None:
discord.ext.commands.errors.CommandNotFound: Command "dump" is not found
Ignoring exception in command None:
discord.ext.commands.errors.CommandNotFound: Command "rc" is not found
Ignoring exception in command None:
discord.ext.commands.errors.CommandNotFound: Command "dump" is not found
Ignoring exception in command None:
discord.ext.commands.errors.CommandNotFound: Command "dump" is not found
Ignoring exception in command None:
discord.ext.commands.errors.CommandNotFound: Command "watch" is not found
Ignoring exception in command None:
discord.ext.commands.errors.CommandNotFound: Command "dump" is not found
Ignoring exception in command None:
discord.ext.commands.errors.CommandNotFound: Command "dump" is not found
Ignoring exception in command None:
discord.ext.commands.errors.CommandNotFound: Command "watch" is not found
Ignoring exception in command None:
discord.ext.commands.errors.CommandNotFound: Command "watch" is not found
Ignoring exception in command None:
discord.ext.commands.errors.CommandNotFound: Command "dump" is not found
Ignoring exception in command None:
discord.ext.commands.errors.CommandNotFound: Command "dump" is not found
Ignoring exception in command None:
discord.ext.commands.errors.CommandNotFound: Command "dump" is not found
Ignoring exception in command None:
discord.ext.commands.errors.CommandNotFound: Command "dump" is not found
Ignoring exception in command echo:
Traceback (most recent call last):
  File "/home/bots/.local/lib/python3.7/site-packages/discord/ext/commands/core.py", line 62, in wrapped
    ret = await coro(*args, **kwargs)
  File "EternalGuardian.py", line 51, in echo
    await ctx.send(text)
  File "/home/bots/.local/lib/python3.7/site-packages/discord/abc.py", line 772, in send
    data = await state.http.send_message(channel.id, content, tts=tts, embed=embed, nonce=nonce)
  File "/home/bots/.local/lib/python3.7/site-packages/discord/http.py", line 210, in request
    raise Forbidden(r, data)
discord.errors.Forbidden: FORBIDDEN (status code: 403): Missing Permissions

The above exception was the direct cause of the following exception:

Traceback (most recent call last):
  File "/home/bots/.local/lib/python3.7/site-packages/discord/ext/commands/bot.py", line 898, in invoke
    await ctx.command.invoke(ctx)
  File "/home/bots/.local/lib/python3.7/site-packages/discord/ext/commands/core.py", line 615, in invoke
    await injected(*ctx.args, **ctx.kwargs)
  File "/home/bots/.local/lib/python3.7/site-packages/discord/ext/commands/core.py", line 71, in wrapped
    raise CommandInvokeError(exc) from exc
discord.ext.commands.errors.CommandInvokeError: Command raised an exception: Forbidden: FORBIDDEN (status code: 403): Missing Permissions
Ignoring exception in command echo:
Traceback (most recent call last):
  File "/home/bots/.local/lib/python3.7/site-packages/discord/ext/commands/core.py", line 62, in wrapped
    ret = await coro(*args, **kwargs)
  File "EternalGuardian.py", line 51, in echo
    await ctx.send(text)
  File "/home/bots/.local/lib/python3.7/site-packages/discord/abc.py", line 772, in send
    data = await state.http.send_message(channel.id, content, tts=tts, embed=embed, nonce=nonce)
  File "/home/bots/.local/lib/python3.7/site-packages/discord/http.py", line 210, in request
    raise Forbidden(r, data)
discord.errors.Forbidden: FORBIDDEN (status code: 403): Missing Permissions

The above exception was the direct cause of the following exception:

Traceback (most recent call last):
  File "/home/bots/.local/lib/python3.7/site-packages/discord/ext/commands/bot.py", line 898, in invoke
    await ctx.command.invoke(ctx)
  File "/home/bots/.local/lib/python3.7/site-packages/discord/ext/commands/core.py", line 615, in invoke
    await injected(*ctx.args, **ctx.kwargs)
  File "/home/bots/.local/lib/python3.7/site-packages/discord/ext/commands/core.py", line 71, in wrapped
    raise CommandInvokeError(exc) from exc
discord.ext.commands.errors.CommandInvokeError: Command raised an exception: Forbidden: FORBIDDEN (status code: 403): Missing Permissions
Ignoring exception in command None:
discord.ext.commands.errors.CommandNotFound: Command "dump" is not found
Ignoring exception in command None:
discord.ext.commands.errors.CommandNotFound: Command "dump" is not found
Ignoring exception in command None:
discord.ext.commands.errors.CommandNotFound: Command "dump" is not found
Ignoring exception in command None:
discord.ext.commands.errors.CommandNotFound: Command "dump" is not found
Ignoring exception in command None:
discord.ext.commands.errors.CommandNotFound: Command "dump" is not found
Ignoring exception in command None:
discord.ext.commands.errors.CommandNotFound: Command "dump" is not found
Ignoring exception in command None:
discord.ext.commands.errors.CommandNotFound: Command "dump" is not found
Ignoring exception in command None:
discord.ext.commands.errors.CommandNotFound: Command "dump" is not found
Ignoring exception in command None:
discord.ext.commands.errors.CommandNotFound: Command "dump" is not found
Ignoring exception in command None:
discord.ext.commands.errors.CommandNotFound: Command "dump" is not found
Ignoring exception in command None:
discord.ext.commands.errors.CommandNotFound: Command "dump" is not found
Ignoring exception in command None:
discord.ext.commands.errors.CommandNotFound: Command "dump" is not found
Ignoring exception in command None:
discord.ext.commands.errors.CommandNotFound: Command "watch" is not found
Ignoring exception in command None:
discord.ext.commands.errors.CommandNotFound: Command "watch" is not found
Ignoring exception in command None:
discord.ext.commands.errors.CommandNotFound: Command "watch" is not found
Ignoring exception in command None:
discord.ext.commands.errors.CommandNotFound: Command "dump" is not found
Ignoring exception in command None:
discord.ext.commands.errors.CommandNotFound: Command "dump" is not found
Ignoring exception in command None:
discord.ext.commands.errors.CommandNotFound: Command "dump" is not found
Ignoring exception in command None:
discord.ext.commands.errors.CommandNotFound: Command "dump" is not found
Ignoring exception in command None:
discord.ext.commands.errors.CommandNotFound: Command "dump" is not found
Ignoring exception in command None:
discord.ext.commands.errors.CommandNotFound: Command "dump" is not found
Ignoring exception in command None:
discord.ext.commands.errors.CommandNotFound: Command "dump" is not found
Ignoring exception in command None:
discord.ext.commands.errors.CommandNotFound: Command "r," is not found
Ignoring exception in command None:
discord.ext.commands.errors.CommandNotFound: Command "dump" is not found
Ignoring exception in command None:
discord.ext.commands.errors.CommandNotFound: Command "watch" is not found
Ignoring exception in command None:
discord.ext.commands.errors.CommandNotFound: Command "dump" is not found
Ignoring exception in command None:
discord.ext.commands.errors.CommandNotFound: Command "rc" is not found
Ignoring exception in command None:
discord.ext.commands.errors.CommandNotFound: Command "watch" is not found
Ignoring exception in command None:
discord.ext.commands.errors.CommandNotFound: Command "watch" is not found
Ignoring exception in command None:
discord.ext.commands.errors.CommandNotFound: Command "t" is not found
Ignoring exception in command None:
discord.ext.commands.errors.CommandNotFound: Command "dump" is not found
Ignoring exception in command None:
discord.ext.commands.errors.CommandNotFound: Command "dump" is not found
Ignoring exception in command None:
discord.ext.commands.errors.CommandNotFound: Command "dump" is not found
Ignoring exception in command None:
discord.ext.commands.errors.CommandNotFound: Command "dump" is not found
Ignoring exception in command None:
discord.ext.commands.errors.CommandNotFound: Command "dump" is not found
Ignoring exception in command None:
discord.ext.commands.errors.CommandNotFound: Command "dump" is not found
Ignoring exception in command None:
discord.ext.commands.errors.CommandNotFound: Command "watch" is not found
Ignoring exception in command None:
discord.ext.commands.errors.CommandNotFound: Command "watch" is not found
Ignoring exception in command None:
discord.ext.commands.errors.CommandNotFound: Command "stalk" is not found
Ignoring exception in command None:
discord.ext.commands.errors.CommandNotFound: Command "dump" is not found
Ignoring exception in command None:
discord.ext.commands.errors.CommandNotFound: Command "stalk" is not found
Ignoring exception in command None:
discord.ext.commands.errors.CommandNotFound: Command "stalk" is not found
Ignoring exception in command None:
discord.ext.commands.errors.CommandNotFound: Command "dump" is not found
Ignoring exception in command None:
discord.ext.commands.errors.CommandNotFound: Command "dump" is not found
Ignoring exception in command None:
discord.ext.commands.errors.CommandNotFound: Command "dump" is not found
Ignoring exception in command None:
discord.ext.commands.errors.CommandNotFound: Command "rc" is not found
Ignoring exception in command None:
discord.ext.commands.errors.CommandNotFound: Command "dump" is not found
Ignoring exception in command None:
discord.ext.commands.errors.CommandNotFound: Command "dump" is not found
Ignoring exception in command None:
discord.ext.commands.errors.CommandNotFound: Command "dump" is not found
Ignoring exception in command None:
discord.ext.commands.errors.CommandNotFound: Command "watch" is not found
Ignoring exception in command None:
discord.ext.commands.errors.CommandNotFound: Command "dump" is not found
Ignoring exception in command None:
discord.ext.commands.errors.CommandNotFound: Command "dump" is not found
Ignoring exception in command None:
discord.ext.commands.errors.CommandNotFound: Command "dump" is not found
Ignoring exception in command None:
discord.ext.commands.errors.CommandNotFound: Command "watch" is not found
Ignoring exception in command None:
discord.ext.commands.errors.CommandNotFound: Command "rc" is not found
Ignoring exception in command None:
discord.ext.commands.errors.CommandNotFound: Command "dump" is not found
Ignoring exception in command None:
discord.ext.commands.errors.CommandNotFound: Command "rc" is not found
Ignoring exception in command None:
discord.ext.commands.errors.CommandNotFound: Command "rc" is not found
Ignoring exception in command None:
discord.ext.commands.errors.CommandNotFound: Command "rc" is not found
Ignoring exception in command None:
discord.ext.commands.errors.CommandNotFound: Command "L" is not found
Ignoring exception in command None:
discord.ext.commands.errors.CommandNotFound: Command "E" is not found
Ignoring exception in command None:
discord.ext.commands.errors.CommandNotFound: Command "watch" is not found
Ignoring exception in command None:
discord.ext.commands.errors.CommandNotFound: Command "rc" is not found
Ignoring exception in command None:
discord.ext.commands.errors.CommandNotFound: Command "dump" is not found
Ignoring exception in command None:
discord.ext.commands.errors.CommandNotFound: Command "stalk" is not found
Ignoring exception in command None:
discord.ext.commands.errors.CommandNotFound: Command "watch" is not found
Logged in as
Eternal Guardian
533055097106726925
------
Logged in as
Eternal Guardian
533055097106726925
------
Logged in as
Eternal Guardian
533055097106726925
------
Logged in as
Eternal Guardian
533055097106726925
------
Logged in as
Eternal Guardian
533055097106726925
------
Logged in as
Eternal Guardian
533055097106726925
------
Logged in as
Eternal Guardian
533055097106726925
------
Traceback (most recent call last):
  File "EternalGuardian.py", line 86, in <module>
    client.run(TOKEN)
  File "/home/bots/.local/lib/python3.7/site-packages/discord/client.py", line 572, in run
    return task.result()
  File "/home/bots/.local/lib/python3.7/site-packages/discord/client.py", line 480, in start
    await self.connect(reconnect=reconnect)
  File "/home/bots/.local/lib/python3.7/site-packages/discord/client.py", line 402, in connect
    await self._connect()
  File "/home/bots/.local/lib/python3.7/site-packages/discord/client.py", line 364, in _connect
    self.ws = await asyncio.wait_for(coro, timeout=180.0, loop=self.loop)
  File "/usr/lib/python3.7/asyncio/tasks.py", line 416, in wait_for
    return fut.result()
  File "/home/bots/.local/lib/python3.7/site-packages/discord/gateway.py", line 222, in from_client
    await ws.poll_event()
  File "/home/bots/.local/lib/python3.7/site-packages/discord/gateway.py", line 449, in poll_event
    await self.received_message(msg)
  File "/home/bots/.local/lib/python3.7/site-packages/discord/gateway.py", line 348, in received_message
    raise ResumeWebSocket(self.shard_id)
discord.gateway.ResumeWebSocket: None
Unclosed client session
client_session: <aiohttp.client.ClientSession object at 0x7fbc08708358>
Unclosed connector
connections: ['[(<aiohttp.client_proto.ResponseHandler object at 0x7fbc05caf228>, 13735387.851383973)]']
connector: <aiohttp.connector.TCPConnector object at 0x7fbc08708320>
Ignoring exception in command None:
discord.ext.commands.errors.CommandNotFound: Command "dump" is not found
Ignoring exception in command None:
discord.ext.commands.errors.CommandNotFound: Command "dump" is not found
Ignoring exception in command None:
discord.ext.commands.errors.CommandNotFound: Command "dump" is not found
Ignoring exception in command None:
discord.ext.commands.errors.CommandNotFound: Command "dump" is not found
Ignoring exception in command None:
discord.ext.commands.errors.CommandNotFound: Command "rc" is not found
Ignoring exception in command None:
discord.ext.commands.errors.CommandNotFound: Command "watch" is not found
Ignoring exception in command None:
discord.ext.commands.errors.CommandNotFound: Command "watch" is not found
Ignoring exception in command None:
discord.ext.commands.errors.CommandNotFound: Command "watch" is not found
Ignoring exception in command None:
discord.ext.commands.errors.CommandNotFound: Command "dump" is not found
Ignoring exception in command None:
discord.ext.commands.errors.CommandNotFound: Command "rc" is not found
Ignoring exception in command None:
discord.ext.commands.errors.CommandNotFound: Command "dump" is not found
Ignoring exception in command None:
discord.ext.commands.errors.CommandNotFound: Command "dump" is not found
Ignoring exception in command None:
discord.ext.commands.errors.CommandNotFound: Command "dump" is not found
Ignoring exception in command None:
discord.ext.commands.errors.CommandNotFound: Command "dump" is not found
Ignoring exception in command None:
discord.ext.commands.errors.CommandNotFound: Command "dump" is not found
Ignoring exception in command None:
discord.ext.commands.errors.CommandNotFound: Command "dump" is not found
Ignoring exception in command None:
discord.ext.commands.errors.CommandNotFound: Command "dump" is not found
Ignoring exception in command None:
discord.ext.commands.errors.CommandNotFound: Command "dump" is not found
Ignoring exception in command None:
discord.ext.commands.errors.CommandNotFound: Command "dump" is not found
Ignoring exception in command None:
discord.ext.commands.errors.CommandNotFound: Command "dump" is not found
Ignoring exception in command None:
discord.ext.commands.errors.CommandNotFound: Command "dump" is not found
Ignoring exception in command None:
discord.ext.commands.errors.CommandNotFound: Command "dump" is not found
Ignoring exception in command None:
discord.ext.commands.errors.CommandNotFound: Command "dump" is not found
Ignoring exception in command None:
discord.ext.commands.errors.CommandNotFound: Command "watch" is not found
Ignoring exception in command None:
discord.ext.commands.errors.CommandNotFound: Command "dump" is not found
Ignoring exception in command None:
discord.ext.commands.errors.CommandNotFound: Command "dump" is not found
Ignoring exception in command None:
discord.ext.commands.errors.CommandNotFound: Command "dump" is not found
Ignoring exception in command None:
discord.ext.commands.errors.CommandNotFound: Command "dump" is not found
Ignoring exception in command None:
discord.ext.commands.errors.CommandNotFound: Command "rc" is not found
Ignoring exception in command None:
discord.ext.commands.errors.CommandNotFound: Command "rc" is not found
Ignoring exception in command None:
discord.ext.commands.errors.CommandNotFound: Command "dump" is not found
Ignoring exception in command None:
discord.ext.commands.errors.CommandNotFound: Command "dump" is not found
Ignoring exception in command None:
discord.ext.commands.errors.CommandNotFound: Command "dump" is not found
Ignoring exception in command None:
discord.ext.commands.errors.CommandNotFound: Command "dump" is not found
Ignoring exception in command None:
discord.ext.commands.errors.CommandNotFound: Command "dump" is not found
Ignoring exception in command None:
discord.ext.commands.errors.CommandNotFound: Command "dump" is not found
Ignoring exception in command None:
discord.ext.commands.errors.CommandNotFound: Command "watch" is not found
Ignoring exception in command None:
discord.ext.commands.errors.CommandNotFound: Command "watch" is not found
Ignoring exception in command None:
discord.ext.commands.errors.CommandNotFound: Command "dump" is not found
Ignoring exception in command None:
discord.ext.commands.errors.CommandNotFound: Command "rc" is not found
Ignoring exception in command None:
discord.ext.commands.errors.CommandNotFound: Command "dump" is not found
Ignoring exception in command None:
discord.ext.commands.errors.CommandNotFound: Command "watch" is not found
Ignoring exception in command None:
discord.ext.commands.errors.CommandNotFound: Command "dump" is not found
Ignoring exception in command None:
discord.ext.commands.errors.CommandNotFound: Command "dump" is not found
Ignoring exception in command None:
discord.ext.commands.errors.CommandNotFound: Command "dump" is not found
Ignoring exception in command None:
discord.ext.commands.errors.CommandNotFound: Command "watch" is not found
Ignoring exception in command None:
discord.ext.commands.errors.CommandNotFound: Command "dump" is not found
Ignoring exception in command None:
discord.ext.commands.errors.CommandNotFound: Command "dump" is not found
Ignoring exception in command None:
discord.ext.commands.errors.CommandNotFound: Command "dump" is not found
Ignoring exception in command None:
discord.ext.commands.errors.CommandNotFound: Command "dump" is not found
Ignoring exception in command None:
discord.ext.commands.errors.CommandNotFound: Command "dump" is not found
Ignoring exception in command None:
discord.ext.commands.errors.CommandNotFound: Command "rc" is not found
Ignoring exception in command None:
discord.ext.commands.errors.CommandNotFound: Command "watch" is not found
Ignoring exception in command None:
discord.ext.commands.errors.CommandNotFound: Command "watch" is not found
Ignoring exception in command None:
discord.ext.commands.errors.CommandNotFound: Command "watch" is not found
Ignoring exception in command None:
discord.ext.commands.errors.CommandNotFound: Command "watch" is not found
Ignoring exception in command None:
discord.ext.commands.errors.CommandNotFound: Command "watch" is not found
Ignoring exception in command None:
discord.ext.commands.errors.CommandNotFound: Command "watch" is not found
Ignoring exception in command None:
discord.ext.commands.errors.CommandNotFound: Command "dump" is not found
Ignoring exception in command None:
discord.ext.commands.errors.CommandNotFound: Command "dump" is not found
Ignoring exception in command None:
discord.ext.commands.errors.CommandNotFound: Command "dump" is not found
Ignoring exception in command None:
discord.ext.commands.errors.CommandNotFound: Command "dump" is not found
Ignoring exception in command None:
discord.ext.commands.errors.CommandNotFound: Command "dump" is not found
Ignoring exception in command None:
discord.ext.commands.errors.CommandNotFound: Command "dumb" is not found
Ignoring exception in command None:
discord.ext.commands.errors.CommandNotFound: Command "dump" is not found
Ignoring exception in command None:
discord.ext.commands.errors.CommandNotFound: Command "dump" is not found
Ignoring exception in command None:
discord.ext.commands.errors.CommandNotFound: Command "watch" is not found
Ignoring exception in command None:
discord.ext.commands.errors.CommandNotFound: Command "dump" is not found
Ignoring exception in command None:
discord.ext.commands.errors.CommandNotFound: Command "dump" is not found
Ignoring exception in command None:
discord.ext.commands.errors.CommandNotFound: Command "watch" is not found
Ignoring exception in command None:
discord.ext.commands.errors.CommandNotFound: Command "dump" is not found
Ignoring exception in command None:
discord.ext.commands.errors.CommandNotFound: Command "dump" is not found
Ignoring exception in command None:
discord.ext.commands.errors.CommandNotFound: Command "dump" is not found
Ignoring exception in command None:
discord.ext.commands.errors.CommandNotFound: Command "lairratio" is not found
Ignoring exception in command None:
discord.ext.commands.errors.CommandNotFound: Command "dump" is not found
Ignoring exception in command None:
discord.ext.commands.errors.CommandNotFound: Command "watch" is not found
Ignoring exception in command None:
discord.ext.commands.errors.CommandNotFound: Command "watch" is not found
Ignoring exception in command None:
discord.ext.commands.errors.CommandNotFound: Command "watch" is not found
Ignoring exception in command None:
discord.ext.commands.errors.CommandNotFound: Command "watch" is not found
Ignoring exception in command None:
discord.ext.commands.errors.CommandNotFound: Command "watch" is not found
Ignoring exception in command None:
discord.ext.commands.errors.CommandNotFound: Command "stalk" is not found
Ignoring exception in command None:
discord.ext.commands.errors.CommandNotFound: Command "rc" is not found
Ignoring exception in command None:
discord.ext.commands.errors.CommandNotFound: Command "watch" is not found
Ignoring exception in command None:
discord.ext.commands.errors.CommandNotFound: Command "rc" is not found
Ignoring exception in command None:
discord.ext.commands.errors.CommandNotFound: Command "dump" is not found
Ignoring exception in command None:
discord.ext.commands.errors.CommandNotFound: Command "watch" is not found
Ignoring exception in command None:
discord.ext.commands.errors.CommandNotFound: Command "watch" is not found
Ignoring exception in command None:
discord.ext.commands.errors.CommandNotFound: Command "&" is not found
Ignoring exception in command None:
discord.ext.commands.errors.CommandNotFound: Command "watch" is not found
Ignoring exception in command None:
discord.ext.commands.errors.CommandNotFound: Command "dump" is not found
Ignoring exception in command None:
discord.ext.commands.errors.CommandNotFound: Command "watch" is not found
Ignoring exception in command None:
discord.ext.commands.errors.CommandNotFound: Command "watch" is not found
Ignoring exception in command None:
discord.ext.commands.errors.CommandNotFound: Command "watch" is not found
Ignoring exception in command None:
discord.ext.commands.errors.CommandNotFound: Command "dump" is not found
Ignoring exception in command None:
discord.ext.commands.errors.CommandNotFound: Command "dump" is not found
Ignoring exception in command None:
discord.ext.commands.errors.CommandNotFound: Command "dump" is not found
Logged in as
Eternal Guardian
533055097106726925
------
Logged in as
Eternal Guardian
533055097106726925
------
Logged in as
Eternal Guardian
533055097106726925
------
Unclosed client session
client_session: <aiohttp.client.ClientSession object at 0x7fd1906892e8>
Unclosed connector
connections: ['[(<aiohttp.client_proto.ResponseHandler object at 0x7fd18cef4768>, 15744353.5189123)]']
connector: <aiohttp.connector.TCPConnector object at 0x7fd1906892b0>
Task was destroyed but it is pending!
task: <Task pending coro=<DiscordWebSocket.close_connection() running at /home/bots/.local/lib/python3.7/site-packages/discord/gateway.py:523> wait_for=<Future pending cb=[<TaskWakeupMethWrapper object at 0x7fd16028d2e8>()]> cb=[shield.<locals>._done_callback() at /usr/lib/python3.7/asyncio/tasks.py:776]>
Exception ignored in: <coroutine object DiscordWebSocket.close_connection at 0x7fd18dc00b48>
Traceback (most recent call last):
  File "/home/bots/.local/lib/python3.7/site-packages/discord/gateway.py", line 523, in close_connection
  File "/home/bots/.local/lib/python3.7/site-packages/websockets/protocol.py", line 855, in close_connection
  File "/home/bots/.local/lib/python3.7/site-packages/websockets/protocol.py", line 880, in wait_for_connection_lost
  File "/usr/lib/python3.7/asyncio/tasks.py", line 400, in wait_for
  File "/usr/lib/python3.7/asyncio/base_events.py", line 657, in call_later
  File "/usr/lib/python3.7/asyncio/base_events.py", line 667, in call_at
  File "/usr/lib/python3.7/asyncio/base_events.py", line 480, in _check_closed
RuntimeError: Event loop is closed
Task was destroyed but it is pending!
task: <Task pending coro=<BotBase.close() running at /home/bots/.local/lib/python3.7/site-packages/discord/ext/commands/bot.py:208> wait_for=<Future pending cb=[<TaskWakeupMethWrapper object at 0x7fd17c1ab678>()]> cb=[Client._do_cleanup.<locals>.when_future_is_done() at /home/bots/.local/lib/python3.7/site-packages/discord/client.py:498]>
Logged in as
Eternal Guardian
533055097106726925
------
Unclosed client session
client_session: <aiohttp.client.ClientSession object at 0x7f2796baf4a8>
Task was destroyed but it is pending!
task: <Task pending coro=<DiscordWebSocket.close_connection() running at /home/bots/.local/lib/python3.7/site-packages/discord/gateway.py:523> wait_for=<Future pending cb=[<TaskWakeupMethWrapper object at 0x7f2787a183d8>()]> cb=[shield.<locals>._done_callback() at /usr/lib/python3.7/asyncio/tasks.py:776]>
Task was destroyed but it is pending!
task: <Task pending coro=<BotBase.close() running at /home/bots/.local/lib/python3.7/site-packages/discord/ext/commands/bot.py:208> wait_for=<Future pending cb=[<TaskWakeupMethWrapper object at 0x7f278758d498>()]> cb=[Client._do_cleanup.<locals>.when_future_is_done() at /home/bots/.local/lib/python3.7/site-packages/discord/client.py:498]>
  File "EternalGuardian.py", line 32
    if not message.channel == EGmod_channel
                                          ^
SyntaxError: invalid syntax
  File "EternalGuardian.py", line 34
    await EGmod_channel.send('Slur detected in #{0} by user {1}.'.format(message.channel,message.author.mention))
        ^
SyntaxError: invalid syntax
